<?xml version="1.0" encoding="UTF-8"?>
<coverage generated="1712485405460" clover="3.2.0">
  <project timestamp="1712485405461" name="All files">
    <metrics statements="120" coveredstatements="115" conditionals="22" coveredconditionals="21" methods="38" coveredmethods="35" elements="180" coveredelements="171" complexity="0" loc="120" ncloc="120" packages="4" files="16" classes="16"/>
    <package name="src">
      <metrics statements="21" coveredstatements="16" conditionals="0" coveredconditionals="0" methods="6" coveredmethods="3"/>
      <file name="App.jsx" path="C:\Users\Christian Krahtz\Desktop\DV 2024\budgetbuddy\budgetbuddy\src\App.jsx">
        <metrics statements="14" coveredstatements="10" conditionals="0" coveredconditionals="0" methods="6" coveredmethods="3"/>
        <line num="20" count="4" type="stmt"/>
        <line num="22" count="3" type="stmt"/>
        <line num="24" count="3" type="stmt"/>
        <line num="25" count="1" type="stmt"/>
        <line num="26" count="1" type="stmt"/>
        <line num="27" count="1" type="stmt"/>
        <line num="30" count="3" type="stmt"/>
        <line num="31" count="0" type="stmt"/>
        <line num="32" count="0" type="stmt"/>
        <line num="35" count="3" type="stmt"/>
        <line num="36" count="0" type="stmt"/>
        <line num="40" count="0" type="stmt"/>
        <line num="43" count="3" type="stmt"/>
        <line num="74" count="12" type="stmt"/>
      </file>
      <file name="main.jsx" path="C:\Users\Christian Krahtz\Desktop\DV 2024\budgetbuddy\budgetbuddy\src\main.jsx">
        <metrics statements="1" coveredstatements="0" conditionals="0" coveredconditionals="0" methods="0" coveredmethods="0"/>
        <line num="7" count="0" type="stmt"/>
      </file>
      <file name="utils.js" path="C:\Users\Christian Krahtz\Desktop\DV 2024\budgetbuddy\budgetbuddy\src\utils.js">
        <metrics statements="6" coveredstatements="6" conditionals="0" coveredconditionals="0" methods="0" coveredmethods="0"/>
        <line num="1" count="8" type="stmt"/>
        <line num="3" count="8" type="stmt"/>
        <line num="6" count="8" type="stmt"/>
        <line num="11" count="8" type="stmt"/>
        <line num="23" count="8" type="stmt"/>
        <line num="31" count="8" type="stmt"/>
      </file>
    </package>
    <package name="src.components">
      <metrics statements="34" coveredstatements="34" conditionals="2" coveredconditionals="2" methods="18" coveredmethods="18"/>
      <file name="Expenses.jsx" path="C:\Users\Christian Krahtz\Desktop\DV 2024\budgetbuddy\budgetbuddy\src\components\Expenses.jsx">
        <metrics statements="10" coveredstatements="10" conditionals="0" coveredconditionals="0" methods="5" coveredmethods="5"/>
        <line num="8" count="17" type="stmt"/>
        <line num="9" count="17" type="stmt"/>
        <line num="11" count="17" type="stmt"/>
        <line num="12" count="1" type="stmt"/>
        <line num="13" count="1" type="stmt"/>
        <line num="14" count="1" type="stmt"/>
        <line num="17" count="17" type="stmt"/>
        <line num="31" count="9" type="stmt"/>
        <line num="42" count="1" type="stmt"/>
        <line num="50" count="2" type="stmt"/>
      </file>
      <file name="Income.jsx" path="C:\Users\Christian Krahtz\Desktop\DV 2024\budgetbuddy\budgetbuddy\src\components\Income.jsx">
        <metrics statements="14" coveredstatements="14" conditionals="0" coveredconditionals="0" methods="7" coveredmethods="7"/>
        <line num="9" count="29" type="stmt"/>
        <line num="10" count="29" type="stmt"/>
        <line num="11" count="29" type="stmt"/>
        <line num="15" count="29" type="stmt"/>
        <line num="17" count="2" type="stmt"/>
        <line num="19" count="2" type="stmt"/>
        <line num="20" count="2" type="stmt"/>
        <line num="21" count="2" type="stmt"/>
        <line num="26" count="29" type="stmt"/>
        <line num="39" count="2" type="stmt"/>
        <line num="42" count="261" type="stmt"/>
        <line num="54" count="18" type="stmt"/>
        <line num="66" count="2" type="stmt"/>
        <line num="75" count="3" type="stmt"/>
      </file>
      <file name="Savings.jsx" path="C:\Users\Christian Krahtz\Desktop\DV 2024\budgetbuddy\budgetbuddy\src\components\Savings.jsx">
        <metrics statements="8" coveredstatements="8" conditionals="2" coveredconditionals="2" methods="4" coveredmethods="4"/>
        <line num="9" count="6" type="stmt"/>
        <line num="13" count="6" type="stmt"/>
        <line num="26" count="1" type="stmt"/>
        <line num="27" count="1" type="stmt"/>
        <line num="31" count="24" type="stmt"/>
        <line num="39" count="2" type="stmt"/>
        <line num="40" count="2" type="stmt"/>
        <line num="43" count="2" type="stmt"/>
      </file>
      <file name="Taxes.jsx" path="C:\Users\Christian Krahtz\Desktop\DV 2024\budgetbuddy\budgetbuddy\src\components\Taxes.jsx">
        <metrics statements="2" coveredstatements="2" conditionals="0" coveredconditionals="0" methods="2" coveredmethods="2"/>
        <line num="9" count="4" type="stmt"/>
        <line num="16" count="3" type="stmt"/>
      </file>
    </package>
    <package name="src.components.items">
      <metrics statements="19" coveredstatements="19" conditionals="8" coveredconditionals="7" methods="6" coveredmethods="6"/>
      <file name="ExpenseRow.jsx" path="C:\Users\Christian Krahtz\Desktop\DV 2024\budgetbuddy\budgetbuddy\src\components\items\ExpenseRow.jsx">
        <metrics statements="2" coveredstatements="2" conditionals="0" coveredconditionals="0" methods="1" coveredmethods="1"/>
        <line num="5" count="2" type="stmt"/>
        <line num="7" count="2" type="stmt"/>
      </file>
      <file name="LastTotalCard.jsx" path="C:\Users\Christian Krahtz\Desktop\DV 2024\budgetbuddy\budgetbuddy\src\components\items\LastTotalCard.jsx">
        <metrics statements="2" coveredstatements="2" conditionals="0" coveredconditionals="0" methods="1" coveredmethods="1"/>
        <line num="4" count="3" type="stmt"/>
        <line num="6" count="3" type="stmt"/>
      </file>
      <file name="PersonIncomeRow.jsx" path="C:\Users\Christian Krahtz\Desktop\DV 2024\budgetbuddy\budgetbuddy\src\components\items\PersonIncomeRow.jsx">
        <metrics statements="2" coveredstatements="2" conditionals="0" coveredconditionals="0" methods="1" coveredmethods="1"/>
        <line num="5" count="3" type="stmt"/>
        <line num="7" count="3" type="stmt"/>
      </file>
      <file name="SavingsBlock.jsx" path="C:\Users\Christian Krahtz\Desktop\DV 2024\budgetbuddy\budgetbuddy\src\components\items\SavingsBlock.jsx">
        <metrics statements="2" coveredstatements="2" conditionals="0" coveredconditionals="0" methods="1" coveredmethods="1"/>
        <line num="4" count="2" type="stmt"/>
        <line num="6" count="2" type="stmt"/>
      </file>
      <file name="TaxBlock.jsx" path="C:\Users\Christian Krahtz\Desktop\DV 2024\budgetbuddy\budgetbuddy\src\components\items\TaxBlock.jsx">
        <metrics statements="2" coveredstatements="2" conditionals="0" coveredconditionals="0" methods="1" coveredmethods="1"/>
        <line num="4" count="3" type="stmt"/>
        <line num="6" count="3" type="stmt"/>
      </file>
      <file name="TotalCard.jsx" path="C:\Users\Christian Krahtz\Desktop\DV 2024\budgetbuddy\budgetbuddy\src\components\items\TotalCard.jsx">
        <metrics statements="9" coveredstatements="9" conditionals="8" coveredconditionals="7" methods="1" coveredmethods="1"/>
        <line num="7" count="12" type="cond" truecount="2" falsecount="0"/>
        <line num="8" count="3" type="stmt"/>
        <line num="9" count="9" type="cond" truecount="2" falsecount="0"/>
        <line num="10" count="3" type="stmt"/>
        <line num="11" count="6" type="cond" truecount="2" falsecount="0"/>
        <line num="12" count="3" type="stmt"/>
        <line num="13" count="3" type="cond" truecount="1" falsecount="1"/>
        <line num="14" count="3" type="stmt"/>
        <line num="18" count="12" type="stmt"/>
      </file>
    </package>
    <package name="src.functions">
      <metrics statements="46" coveredstatements="46" conditionals="12" coveredconditionals="12" methods="8" coveredmethods="8"/>
      <file name="expenses.js" path="C:\Users\Christian Krahtz\Desktop\DV 2024\budgetbuddy\budgetbuddy\src\functions\expenses.js">
        <metrics statements="5" coveredstatements="5" conditionals="0" coveredconditionals="0" methods="2" coveredmethods="2"/>
        <line num="2" count="2" type="stmt"/>
        <line num="6" count="6" type="stmt"/>
        <line num="7" count="6" type="stmt"/>
        <line num="8" count="17" type="stmt"/>
        <line num="11" count="6" type="stmt"/>
      </file>
      <file name="income.js" path="C:\Users\Christian Krahtz\Desktop\DV 2024\budgetbuddy\budgetbuddy\src\functions\income.js">
        <metrics statements="41" coveredstatements="41" conditionals="12" coveredconditionals="12" methods="6" coveredmethods="6"/>
        <line num="4" count="9" type="stmt"/>
        <line num="5" count="9" type="stmt"/>
        <line num="9" count="9" type="cond" truecount="2" falsecount="0"/>
        <line num="10" count="3" type="stmt"/>
        <line num="11" count="3" type="stmt"/>
        <line num="13" count="6" type="cond" truecount="2" falsecount="0"/>
        <line num="14" count="1" type="stmt"/>
        <line num="15" count="1" type="stmt"/>
        <line num="17" count="5" type="cond" truecount="2" falsecount="0"/>
        <line num="18" count="1" type="stmt"/>
        <line num="19" count="1" type="stmt"/>
        <line num="21" count="4" type="cond" truecount="2" falsecount="0"/>
        <line num="22" count="1" type="stmt"/>
        <line num="23" count="1" type="stmt"/>
        <line num="25" count="3" type="cond" truecount="2" falsecount="0"/>
        <line num="26" count="1" type="stmt"/>
        <line num="27" count="1" type="stmt"/>
        <line num="29" count="2" type="cond" truecount="2" falsecount="0"/>
        <line num="30" count="1" type="stmt"/>
        <line num="31" count="1" type="stmt"/>
        <line num="34" count="1" type="stmt"/>
        <line num="35" count="1" type="stmt"/>
        <line num="38" count="9" type="stmt"/>
        <line num="40" count="9" type="stmt"/>
        <line num="46" count="4" type="stmt"/>
        <line num="51" count="10" type="stmt"/>
        <line num="52" count="10" type="stmt"/>
        <line num="53" count="12" type="stmt"/>
        <line num="55" count="10" type="stmt"/>
        <line num="58" count="5" type="stmt"/>
        <line num="59" count="5" type="stmt"/>
        <line num="60" count="5" type="stmt"/>
        <line num="62" count="5" type="stmt"/>
        <line num="67" count="4" type="stmt"/>
        <line num="68" count="4" type="stmt"/>
        <line num="69" count="4" type="stmt"/>
        <line num="71" count="4" type="stmt"/>
        <line num="76" count="4" type="stmt"/>
        <line num="77" count="4" type="stmt"/>
        <line num="78" count="3" type="stmt"/>
        <line num="81" count="4" type="stmt"/>
      </file>
      <file name="totalSave.js" path="C:\Users\Christian Krahtz\Desktop\DV 2024\budgetbuddy\budgetbuddy\src\functions\totalSave.js">
        <metrics statements="0" coveredstatements="0" conditionals="0" coveredconditionals="0" methods="0" coveredmethods="0"/>
      </file>
    </package>
  </project>
</coverage>
