{"C:\\Users\\Christian Krahtz\\Desktop\\DV 2024\\budgetbuddy\\budgetbuddy\\src\\functions\\expenses.js": {"path":"C:\\Users\\Christian Krahtz\\Desktop\\DV 2024\\budgetbuddy\\budgetbuddy\\src\\functions\\expenses.js","statementMap":{"0":{"start":{"line":2,"column":4},"end":{"line":2,"column":30}},"1":{"start":{"line":6,"column":16},"end":{"line":6,"column":17}},"2":{"start":{"line":7,"column":4},"end":{"line":9,"column":5}},"3":{"start":{"line":7,"column":17},"end":{"line":7,"column":18}},"4":{"start":{"line":8,"column":8},"end":{"line":8,"column":32}},"5":{"start":{"line":11,"column":4},"end":{"line":11,"column":17}},"6":{"start":{"line":15,"column":0},"end":{"line":15,"column":49}}},"fnMap":{"0":{"name":"addExpens","decl":{"start":{"line":1,"column":9},"end":{"line":1,"column":18}},"loc":{"start":{"line":1,"column":33},"end":{"line":3,"column":1}},"line":1},"1":{"name":"calculateExpenses","decl":{"start":{"line":5,"column":9},"end":{"line":5,"column":26}},"loc":{"start":{"line":5,"column":32},"end":{"line":12,"column":1}},"line":5}},"branchMap":{},"s":{"0":1,"1":3,"2":3,"3":3,"4":17,"5":3,"6":1},"f":{"0":1,"1":3},"b":{},"_coverageSchema":"1a1c01bbd47fc00a2c39e90264f33305004495a9","hash":"2a4ad841aa7fdd590b83bfdea202b3648d8d1122"}
,"C:\\Users\\Christian Krahtz\\Desktop\\DV 2024\\budgetbuddy\\budgetbuddy\\src\\functions\\income.js": {"path":"C:\\Users\\Christian Krahtz\\Desktop\\DV 2024\\budgetbuddy\\budgetbuddy\\src\\functions\\income.js","statementMap":{"0":{"start":{"line":4,"column":16},"end":{"line":4,"column":27}},"1":{"start":{"line":5,"column":18},"end":{"line":5,"column":19}},"2":{"start":{"line":9,"column":4},"end":{"line":36,"column":5}},"3":{"start":{"line":10,"column":8},"end":{"line":10,"column":25}},"4":{"start":{"line":11,"column":8},"end":{"line":11,"column":52}},"5":{"start":{"line":13,"column":9},"end":{"line":36,"column":5}},"6":{"start":{"line":14,"column":8},"end":{"line":14,"column":25}},"7":{"start":{"line":15,"column":8},"end":{"line":15,"column":52}},"8":{"start":{"line":17,"column":9},"end":{"line":36,"column":5}},"9":{"start":{"line":18,"column":8},"end":{"line":18,"column":25}},"10":{"start":{"line":19,"column":8},"end":{"line":19,"column":52}},"11":{"start":{"line":21,"column":9},"end":{"line":36,"column":5}},"12":{"start":{"line":22,"column":8},"end":{"line":22,"column":25}},"13":{"start":{"line":23,"column":8},"end":{"line":23,"column":52}},"14":{"start":{"line":25,"column":9},"end":{"line":36,"column":5}},"15":{"start":{"line":26,"column":8},"end":{"line":26,"column":25}},"16":{"start":{"line":27,"column":8},"end":{"line":27,"column":52}},"17":{"start":{"line":29,"column":9},"end":{"line":36,"column":5}},"18":{"start":{"line":30,"column":8},"end":{"line":30,"column":25}},"19":{"start":{"line":31,"column":8},"end":{"line":31,"column":52}},"20":{"start":{"line":34,"column":8},"end":{"line":34,"column":25}},"21":{"start":{"line":35,"column":8},"end":{"line":35,"column":52}},"22":{"start":{"line":38,"column":4},"end":{"line":38,"column":49}},"23":{"start":{"line":40,"column":4},"end":{"line":40,"column":16}},"24":{"start":{"line":46,"column":4},"end":{"line":46,"column":30}},"25":{"start":{"line":51,"column":16},"end":{"line":51,"column":17}},"26":{"start":{"line":52,"column":4},"end":{"line":54,"column":5}},"27":{"start":{"line":52,"column":17},"end":{"line":52,"column":18}},"28":{"start":{"line":53,"column":8},"end":{"line":53,"column":32}},"29":{"start":{"line":55,"column":4},"end":{"line":55,"column":17}},"30":{"start":{"line":58,"column":16},"end":{"line":58,"column":17}},"31":{"start":{"line":59,"column":4},"end":{"line":61,"column":5}},"32":{"start":{"line":59,"column":17},"end":{"line":59,"column":18}},"33":{"start":{"line":60,"column":8},"end":{"line":60,"column":35}},"34":{"start":{"line":62,"column":4},"end":{"line":62,"column":17}},"35":{"start":{"line":67,"column":22},"end":{"line":67,"column":43}},"36":{"start":{"line":68,"column":19},"end":{"line":68,"column":42}},"37":{"start":{"line":69,"column":16},"end":{"line":69,"column":38}},"38":{"start":{"line":71,"column":4},"end":{"line":71,"column":17}},"39":{"start":{"line":76,"column":16},"end":{"line":76,"column":17}},"40":{"start":{"line":77,"column":4},"end":{"line":79,"column":5}},"41":{"start":{"line":77,"column":17},"end":{"line":77,"column":18}},"42":{"start":{"line":78,"column":8},"end":{"line":78,"column":31}},"43":{"start":{"line":81,"column":4},"end":{"line":81,"column":17}},"44":{"start":{"line":86,"column":0},"end":{"line":86,"column":120}}},"fnMap":{"0":{"name":"calculateTax","decl":{"start":{"line":3,"column":9},"end":{"line":3,"column":21}},"loc":{"start":{"line":3,"column":28},"end":{"line":41,"column":1}},"line":3},"1":{"name":"addIncome","decl":{"start":{"line":44,"column":9},"end":{"line":44,"column":18}},"loc":{"start":{"line":44,"column":34},"end":{"line":47,"column":1}},"line":44},"2":{"name":"calculateIncome","decl":{"start":{"line":50,"column":9},"end":{"line":50,"column":24}},"loc":{"start":{"line":50,"column":31},"end":{"line":56,"column":1}},"line":50},"3":{"name":"calculateTotalTax","decl":{"start":{"line":57,"column":9},"end":{"line":57,"column":26}},"loc":{"start":{"line":57,"column":33},"end":{"line":63,"column":1}},"line":57},"4":{"name":"calculateIncomeAfterTax","decl":{"start":{"line":65,"column":9},"end":{"line":65,"column":32}},"loc":{"start":{"line":65,"column":38},"end":{"line":72,"column":1}},"line":65},"5":{"name":"calculateSave","decl":{"start":{"line":74,"column":9},"end":{"line":74,"column":22}},"loc":{"start":{"line":74,"column":29},"end":{"line":82,"column":1}},"line":74}},"branchMap":{"0":{"loc":{"start":{"line":9,"column":4},"end":{"line":36,"column":5}},"type":"if","locations":[{"start":{"line":9,"column":4},"end":{"line":36,"column":5}},{"start":{"line":13,"column":9},"end":{"line":36,"column":5}}],"line":9},"1":{"loc":{"start":{"line":13,"column":9},"end":{"line":36,"column":5}},"type":"if","locations":[{"start":{"line":13,"column":9},"end":{"line":36,"column":5}},{"start":{"line":17,"column":9},"end":{"line":36,"column":5}}],"line":13},"2":{"loc":{"start":{"line":17,"column":9},"end":{"line":36,"column":5}},"type":"if","locations":[{"start":{"line":17,"column":9},"end":{"line":36,"column":5}},{"start":{"line":21,"column":9},"end":{"line":36,"column":5}}],"line":17},"3":{"loc":{"start":{"line":21,"column":9},"end":{"line":36,"column":5}},"type":"if","locations":[{"start":{"line":21,"column":9},"end":{"line":36,"column":5}},{"start":{"line":25,"column":9},"end":{"line":36,"column":5}}],"line":21},"4":{"loc":{"start":{"line":25,"column":9},"end":{"line":36,"column":5}},"type":"if","locations":[{"start":{"line":25,"column":9},"end":{"line":36,"column":5}},{"start":{"line":29,"column":9},"end":{"line":36,"column":5}}],"line":25},"5":{"loc":{"start":{"line":29,"column":9},"end":{"line":36,"column":5}},"type":"if","locations":[{"start":{"line":29,"column":9},"end":{"line":36,"column":5}},{"start":{"line":33,"column":9},"end":{"line":36,"column":5}}],"line":29}},"s":{"0":7,"1":7,"2":7,"3":1,"4":1,"5":6,"6":1,"7":1,"8":5,"9":1,"10":1,"11":4,"12":1,"13":1,"14":3,"15":1,"16":1,"17":2,"18":1,"19":1,"20":1,"21":1,"22":7,"23":7,"24":2,"25":4,"26":4,"27":4,"28":10,"29":4,"30":2,"31":2,"32":2,"33":4,"34":2,"35":1,"36":1,"37":1,"38":1,"39":1,"40":1,"41":1,"42":2,"43":1,"44":1},"f":{"0":7,"1":2,"2":4,"3":2,"4":1,"5":1},"b":{"0":[1,6],"1":[1,5],"2":[1,4],"3":[1,3],"4":[1,2],"5":[1,1]},"_coverageSchema":"1a1c01bbd47fc00a2c39e90264f33305004495a9","hash":"c945f3e2c71e52f49f21b708ccc5571be02a5b92"}
}
