{"C:\\Users\\Christian Krahtz\\Desktop\\DV 2024\\budgetbuddy\\budgetbuddy\\src\\App.jsx": {"path":"C:\\Users\\Christian Krahtz\\Desktop\\DV 2024\\budgetbuddy\\budgetbuddy\\src\\App.jsx","statementMap":{"0":{"start":{"line":20,"column":32},"end":{"line":20,"column":44}},"1":{"start":{"line":22,"column":34},"end":{"line":22,"column":46}},"2":{"start":{"line":24,"column":32},"end":{"line":28,"column":3}},"3":{"start":{"line":25,"column":24},"end":{"line":25,"column":47}},"4":{"start":{"line":26,"column":4},"end":{"line":26,"column":53}},"5":{"start":{"line":27,"column":4},"end":{"line":27,"column":29}},"6":{"start":{"line":30,"column":33},"end":{"line":33,"column":3}},"7":{"start":{"line":31,"column":25},"end":{"line":31,"column":56}},"8":{"start":{"line":32,"column":4},"end":{"line":32,"column":31}},"9":{"start":{"line":35,"column":30},"end":{"line":41,"column":3}},"10":{"start":{"line":36,"column":27},"end":{"line":39,"column":7}},"11":{"start":{"line":36,"column":50},"end":{"line":39,"column":5}},"12":{"start":{"line":40,"column":4},"end":{"line":40,"column":31}},"13":{"start":{"line":43,"column":2},"end":{"line":84,"column":3}},"14":{"start":{"line":74,"column":12},"end":{"line":76,"column":18}}},"fnMap":{"0":{"name":"App","decl":{"start":{"line":18,"column":9},"end":{"line":18,"column":12}},"loc":{"start":{"line":18,"column":15},"end":{"line":85,"column":1}},"line":18},"1":{"name":"(anonymous_1)","decl":{"start":{"line":24,"column":32},"end":{"line":24,"column":33}},"loc":{"start":{"line":24,"column":47},"end":{"line":28,"column":3}},"line":24},"2":{"name":"(anonymous_2)","decl":{"start":{"line":30,"column":33},"end":{"line":30,"column":34}},"loc":{"start":{"line":30,"column":49},"end":{"line":33,"column":3}},"line":30},"3":{"name":"(anonymous_3)","decl":{"start":{"line":35,"column":30},"end":{"line":35,"column":31}},"loc":{"start":{"line":35,"column":46},"end":{"line":41,"column":3}},"line":35},"4":{"name":"(anonymous_4)","decl":{"start":{"line":36,"column":39},"end":{"line":36,"column":40}},"loc":{"start":{"line":36,"column":50},"end":{"line":39,"column":5}},"line":36},"5":{"name":"(anonymous_5)","decl":{"start":{"line":73,"column":26},"end":{"line":73,"column":27}},"loc":{"start":{"line":74,"column":12},"end":{"line":76,"column":18}},"line":74}},"branchMap":{},"s":{"0":0,"1":0,"2":0,"3":0,"4":0,"5":0,"6":0,"7":0,"8":0,"9":0,"10":0,"11":0,"12":0,"13":0,"14":0},"f":{"0":0,"1":0,"2":0,"3":0,"4":0,"5":0},"b":{}}
,"C:\\Users\\Christian Krahtz\\Desktop\\DV 2024\\budgetbuddy\\budgetbuddy\\src\\main.jsx": {"path":"C:\\Users\\Christian Krahtz\\Desktop\\DV 2024\\budgetbuddy\\budgetbuddy\\src\\main.jsx","statementMap":{"0":{"start":{"line":7,"column":0},"end":{"line":11,"column":1}}},"fnMap":{},"branchMap":{},"s":{"0":0},"f":{},"b":{}}
,"C:\\Users\\Christian Krahtz\\Desktop\\DV 2024\\budgetbuddy\\budgetbuddy\\src\\utils.js": {"path":"C:\\Users\\Christian Krahtz\\Desktop\\DV 2024\\budgetbuddy\\budgetbuddy\\src\\utils.js","statementMap":{"0":{"start":{"line":1,"column":25},"end":{"line":1,"column":82}},"1":{"start":{"line":3,"column":31},"end":{"line":3,"column":46}},"2":{"start":{"line":6,"column":25},"end":{"line":9,"column":1}},"3":{"start":{"line":11,"column":27},"end":{"line":21,"column":1}},"4":{"start":{"line":23,"column":24},"end":{"line":28,"column":1}},"5":{"start":{"line":31,"column":27},"end":{"line":31,"column":122}}},"fnMap":{},"branchMap":{},"s":{"0":4,"1":4,"2":4,"3":4,"4":4,"5":4},"f":{},"b":{},"_coverageSchema":"1a1c01bbd47fc00a2c39e90264f33305004495a9","hash":"f996750fee3574a3cfdb624754b33fb7bdfd787b"}
,"C:\\Users\\Christian Krahtz\\Desktop\\DV 2024\\budgetbuddy\\budgetbuddy\\src\\components\\Expenses.jsx": {"path":"C:\\Users\\Christian Krahtz\\Desktop\\DV 2024\\budgetbuddy\\budgetbuddy\\src\\components\\Expenses.jsx","statementMap":{"0":{"start":{"line":8,"column":28},"end":{"line":8,"column":40}},"1":{"start":{"line":9,"column":30},"end":{"line":9,"column":42}},"2":{"start":{"line":11,"column":22},"end":{"line":15,"column":3}},"3":{"start":{"line":12,"column":4},"end":{"line":12,"column":64}},"4":{"start":{"line":13,"column":4},"end":{"line":13,"column":16}},"5":{"start":{"line":14,"column":4},"end":{"line":14,"column":17}},"6":{"start":{"line":17,"column":2},"end":{"line":55,"column":3}},"7":{"start":{"line":31,"column":31},"end":{"line":31,"column":55}},"8":{"start":{"line":42,"column":31},"end":{"line":42,"column":56}},"9":{"start":{"line":50,"column":12},"end":{"line":50,"column":90}}},"fnMap":{"0":{"name":"Expenses","decl":{"start":{"line":6,"column":9},"end":{"line":6,"column":17}},"loc":{"start":{"line":6,"column":50},"end":{"line":56,"column":1}},"line":6},"1":{"name":"(anonymous_1)","decl":{"start":{"line":11,"column":22},"end":{"line":11,"column":23}},"loc":{"start":{"line":11,"column":28},"end":{"line":15,"column":3}},"line":11},"2":{"name":"(anonymous_2)","decl":{"start":{"line":31,"column":24},"end":{"line":31,"column":25}},"loc":{"start":{"line":31,"column":31},"end":{"line":31,"column":55}},"line":31},"3":{"name":"(anonymous_3)","decl":{"start":{"line":42,"column":24},"end":{"line":42,"column":25}},"loc":{"start":{"line":42,"column":31},"end":{"line":42,"column":56}},"line":42},"4":{"name":"(anonymous_4)","decl":{"start":{"line":49,"column":22},"end":{"line":49,"column":23}},"loc":{"start":{"line":50,"column":12},"end":{"line":50,"column":90}},"line":50}},"branchMap":{},"s":{"0":14,"1":14,"2":14,"3":1,"4":1,"5":1,"6":14,"7":9,"8":1,"9":2},"f":{"0":14,"1":1,"2":9,"3":1,"4":2},"b":{},"_coverageSchema":"1a1c01bbd47fc00a2c39e90264f33305004495a9","hash":"a99cce68a6eaf06959aef3f9cb3b1a9daa8ba00e"}
,"C:\\Users\\Christian Krahtz\\Desktop\\DV 2024\\budgetbuddy\\budgetbuddy\\src\\components\\Income.jsx": {"path":"C:\\Users\\Christian Krahtz\\Desktop\\DV 2024\\budgetbuddy\\budgetbuddy\\src\\components\\Income.jsx","statementMap":{"0":{"start":{"line":14,"column":28},"end":{"line":14,"column":41}},"1":{"start":{"line":15,"column":28},"end":{"line":15,"column":40}},"2":{"start":{"line":16,"column":32},"end":{"line":16,"column":44}},"3":{"start":{"line":20,"column":24},"end":{"line":27,"column":5}},"4":{"start":{"line":22,"column":8},"end":{"line":22,"column":110}},"5":{"start":{"line":24,"column":8},"end":{"line":24,"column":21}},"6":{"start":{"line":25,"column":8},"end":{"line":25,"column":20}},"7":{"start":{"line":26,"column":8},"end":{"line":26,"column":22}},"8":{"start":{"line":31,"column":4},"end":{"line":86,"column":5}},"9":{"start":{"line":44,"column":37},"end":{"line":44,"column":60}},"10":{"start":{"line":47,"column":24},"end":{"line":47,"column":72}},"11":{"start":{"line":59,"column":37},"end":{"line":59,"column":60}},"12":{"start":{"line":71,"column":37},"end":{"line":71,"column":62}},"13":{"start":{"line":80,"column":20},"end":{"line":80,"column":92}}},"fnMap":{"0":{"name":"Income","decl":{"start":{"line":6,"column":9},"end":{"line":6,"column":15}},"loc":{"start":{"line":6,"column":41},"end":{"line":87,"column":1}},"line":6},"1":{"name":"(anonymous_1)","decl":{"start":{"line":20,"column":24},"end":{"line":20,"column":25}},"loc":{"start":{"line":20,"column":30},"end":{"line":27,"column":5}},"line":20},"2":{"name":"(anonymous_2)","decl":{"start":{"line":44,"column":30},"end":{"line":44,"column":31}},"loc":{"start":{"line":44,"column":37},"end":{"line":44,"column":60}},"line":44},"3":{"name":"(anonymous_3)","decl":{"start":{"line":46,"column":37},"end":{"line":46,"column":38}},"loc":{"start":{"line":47,"column":24},"end":{"line":47,"column":72}},"line":47},"4":{"name":"(anonymous_4)","decl":{"start":{"line":59,"column":30},"end":{"line":59,"column":31}},"loc":{"start":{"line":59,"column":37},"end":{"line":59,"column":60}},"line":59},"5":{"name":"(anonymous_5)","decl":{"start":{"line":71,"column":30},"end":{"line":71,"column":31}},"loc":{"start":{"line":71,"column":37},"end":{"line":71,"column":62}},"line":71},"6":{"name":"(anonymous_6)","decl":{"start":{"line":79,"column":29},"end":{"line":79,"column":30}},"loc":{"start":{"line":80,"column":20},"end":{"line":80,"column":92}},"line":80}},"branchMap":{},"s":{"0":14,"1":14,"2":14,"3":14,"4":1,"5":1,"6":1,"7":1,"8":14,"9":0,"10":126,"11":9,"12":1,"13":2},"f":{"0":14,"1":1,"2":0,"3":126,"4":9,"5":1,"6":2},"b":{},"_coverageSchema":"1a1c01bbd47fc00a2c39e90264f33305004495a9","hash":"b3898d9d05df26dc41c9f0c5dfae37b2270e117a"}
,"C:\\Users\\Christian Krahtz\\Desktop\\DV 2024\\budgetbuddy\\budgetbuddy\\src\\components\\Savings.jsx": {"path":"C:\\Users\\Christian Krahtz\\Desktop\\DV 2024\\budgetbuddy\\budgetbuddy\\src\\components\\Savings.jsx","statementMap":{"0":{"start":{"line":9,"column":28},"end":{"line":9,"column":40}},"1":{"start":{"line":13,"column":4},"end":{"line":46,"column":5}},"2":{"start":{"line":25,"column":26},"end":{"line":25,"column":50}},"3":{"start":{"line":26,"column":26},"end":{"line":26,"column":62}},"4":{"start":{"line":30,"column":28},"end":{"line":30,"column":81}},"5":{"start":{"line":38,"column":33},"end":{"line":38,"column":79}},"6":{"start":{"line":39,"column":16},"end":{"line":39,"column":38}},"7":{"start":{"line":42,"column":16},"end":{"line":42,"column":65}}},"fnMap":{"0":{"name":"Savings","decl":{"start":{"line":7,"column":9},"end":{"line":7,"column":16}},"loc":{"start":{"line":7,"column":51},"end":{"line":47,"column":1}},"line":7},"1":{"name":"(anonymous_1)","decl":{"start":{"line":24,"column":34},"end":{"line":24,"column":35}},"loc":{"start":{"line":24,"column":41},"end":{"line":27,"column":25}},"line":24},"2":{"name":"(anonymous_2)","decl":{"start":{"line":29,"column":47},"end":{"line":29,"column":48}},"loc":{"start":{"line":30,"column":28},"end":{"line":30,"column":81}},"line":30},"3":{"name":"(anonymous_3)","decl":{"start":{"line":37,"column":33},"end":{"line":37,"column":34}},"loc":{"start":{"line":37,"column":50},"end":{"line":43,"column":13}},"line":37}},"branchMap":{"0":{"loc":{"start":{"line":37,"column":13},"end":{"line":43,"column":14}},"type":"binary-expr","locations":[{"start":{"line":37,"column":13},"end":{"line":37,"column":17}},{"start":{"line":37,"column":21},"end":{"line":43,"column":14}}],"line":37}},"s":{"0":0,"1":0,"2":0,"3":0,"4":0,"5":0,"6":0,"7":0},"f":{"0":0,"1":0,"2":0,"3":0},"b":{"0":[0,0]},"_coverageSchema":"1a1c01bbd47fc00a2c39e90264f33305004495a9","hash":"fc289229e730d9d570720bef0c7a74d317d7f288"}
,"C:\\Users\\Christian Krahtz\\Desktop\\DV 2024\\budgetbuddy\\budgetbuddy\\src\\components\\Taxes.jsx": {"path":"C:\\Users\\Christian Krahtz\\Desktop\\DV 2024\\budgetbuddy\\budgetbuddy\\src\\components\\Taxes.jsx","statementMap":{"0":{"start":{"line":9,"column":2},"end":{"line":20,"column":3}},"1":{"start":{"line":16,"column":16},"end":{"line":16,"column":69}}},"fnMap":{"0":{"name":"Taxes","decl":{"start":{"line":5,"column":9},"end":{"line":5,"column":14}},"loc":{"start":{"line":5,"column":26},"end":{"line":21,"column":1}},"line":5},"1":{"name":"(anonymous_1)","decl":{"start":{"line":15,"column":25},"end":{"line":15,"column":26}},"loc":{"start":{"line":16,"column":16},"end":{"line":16,"column":69}},"line":16}},"branchMap":{},"s":{"0":0,"1":0},"f":{"0":0,"1":0},"b":{}}
,"C:\\Users\\Christian Krahtz\\Desktop\\DV 2024\\budgetbuddy\\budgetbuddy\\src\\components\\items\\ExpenseRow.jsx": {"path":"C:\\Users\\Christian Krahtz\\Desktop\\DV 2024\\budgetbuddy\\budgetbuddy\\src\\components\\items\\ExpenseRow.jsx","statementMap":{"0":{"start":{"line":5,"column":21},"end":{"line":5,"column":26}},"1":{"start":{"line":7,"column":2},"end":{"line":12,"column":3}}},"fnMap":{"0":{"name":"ExpenseRow","decl":{"start":{"line":3,"column":9},"end":{"line":3,"column":19}},"loc":{"start":{"line":3,"column":27},"end":{"line":13,"column":1}},"line":3}},"branchMap":{},"s":{"0":2,"1":2},"f":{"0":2},"b":{},"_coverageSchema":"1a1c01bbd47fc00a2c39e90264f33305004495a9","hash":"33c3766b8206bcace598ff4c59017377c30aa507"}
,"C:\\Users\\Christian Krahtz\\Desktop\\DV 2024\\budgetbuddy\\budgetbuddy\\src\\components\\items\\LastTotalCard.jsx": {"path":"C:\\Users\\Christian Krahtz\\Desktop\\DV 2024\\budgetbuddy\\budgetbuddy\\src\\components\\items\\LastTotalCard.jsx","statementMap":{"0":{"start":{"line":4,"column":18},"end":{"line":4,"column":23}},"1":{"start":{"line":6,"column":2},"end":{"line":14,"column":3}}},"fnMap":{"0":{"name":"LastTotalCard","decl":{"start":{"line":3,"column":9},"end":{"line":3,"column":22}},"loc":{"start":{"line":3,"column":30},"end":{"line":15,"column":1}},"line":3}},"branchMap":{},"s":{"0":0,"1":0},"f":{"0":0},"b":{}}
,"C:\\Users\\Christian Krahtz\\Desktop\\DV 2024\\budgetbuddy\\budgetbuddy\\src\\components\\items\\PersonIncomeRow.jsx": {"path":"C:\\Users\\Christian Krahtz\\Desktop\\DV 2024\\budgetbuddy\\budgetbuddy\\src\\components\\items\\PersonIncomeRow.jsx","statementMap":{"0":{"start":{"line":5,"column":26},"end":{"line":5,"column":31}},"1":{"start":{"line":7,"column":2},"end":{"line":17,"column":3}}},"fnMap":{"0":{"name":"PersonIncomeRow","decl":{"start":{"line":3,"column":9},"end":{"line":3,"column":24}},"loc":{"start":{"line":3,"column":32},"end":{"line":18,"column":1}},"line":3}},"branchMap":{},"s":{"0":2,"1":2},"f":{"0":2},"b":{},"_coverageSchema":"1a1c01bbd47fc00a2c39e90264f33305004495a9","hash":"e68612b49a1c3925a264421467ae786e9af4fc73"}
,"C:\\Users\\Christian Krahtz\\Desktop\\DV 2024\\budgetbuddy\\budgetbuddy\\src\\components\\items\\SavingsBlock.jsx": {"path":"C:\\Users\\Christian Krahtz\\Desktop\\DV 2024\\budgetbuddy\\budgetbuddy\\src\\components\\items\\SavingsBlock.jsx","statementMap":{"0":{"start":{"line":4,"column":22},"end":{"line":4,"column":27}},"1":{"start":{"line":6,"column":2},"end":{"line":20,"column":3}}},"fnMap":{"0":{"name":"SavingsBlock","decl":{"start":{"line":3,"column":9},"end":{"line":3,"column":21}},"loc":{"start":{"line":3,"column":29},"end":{"line":21,"column":1}},"line":3}},"branchMap":{},"s":{"0":0,"1":0},"f":{"0":0},"b":{},"_coverageSchema":"1a1c01bbd47fc00a2c39e90264f33305004495a9","hash":"de847ccbac6d348bf21b70933ca1a6ec54073421"}
,"C:\\Users\\Christian Krahtz\\Desktop\\DV 2024\\budgetbuddy\\budgetbuddy\\src\\components\\items\\TaxBlock.jsx": {"path":"C:\\Users\\Christian Krahtz\\Desktop\\DV 2024\\budgetbuddy\\budgetbuddy\\src\\components\\items\\TaxBlock.jsx","statementMap":{"0":{"start":{"line":4,"column":18},"end":{"line":4,"column":23}},"1":{"start":{"line":6,"column":2},"end":{"line":21,"column":3}}},"fnMap":{"0":{"name":"TaxBlock","decl":{"start":{"line":3,"column":9},"end":{"line":3,"column":17}},"loc":{"start":{"line":3,"column":25},"end":{"line":22,"column":1}},"line":3}},"branchMap":{},"s":{"0":0,"1":0},"f":{"0":0},"b":{},"_coverageSchema":"1a1c01bbd47fc00a2c39e90264f33305004495a9","hash":"5871b6e7b761429513353377ea4680d432516152"}
,"C:\\Users\\Christian Krahtz\\Desktop\\DV 2024\\budgetbuddy\\budgetbuddy\\src\\components\\items\\TotalCard.jsx": {"path":"C:\\Users\\Christian Krahtz\\Desktop\\DV 2024\\budgetbuddy\\budgetbuddy\\src\\components\\items\\TotalCard.jsx","statementMap":{"0":{"start":{"line":10,"column":2},"end":{"line":21,"column":3}},"1":{"start":{"line":11,"column":4},"end":{"line":11,"column":42}},"2":{"start":{"line":12,"column":9},"end":{"line":21,"column":3}},"3":{"start":{"line":13,"column":4},"end":{"line":13,"column":50}},"4":{"start":{"line":14,"column":9},"end":{"line":21,"column":3}},"5":{"start":{"line":15,"column":4},"end":{"line":15,"column":45}},"6":{"start":{"line":18,"column":9},"end":{"line":21,"column":3}},"7":{"start":{"line":20,"column":4},"end":{"line":20,"column":40}},"8":{"start":{"line":24,"column":2},"end":{"line":35,"column":3}}},"fnMap":{"0":{"name":"TotalCard","decl":{"start":{"line":5,"column":9},"end":{"line":5,"column":18}},"loc":{"start":{"line":5,"column":47},"end":{"line":36,"column":1}},"line":5}},"branchMap":{"0":{"loc":{"start":{"line":10,"column":2},"end":{"line":21,"column":3}},"type":"if","locations":[{"start":{"line":10,"column":2},"end":{"line":21,"column":3}},{"start":{"line":12,"column":9},"end":{"line":21,"column":3}}],"line":10},"1":{"loc":{"start":{"line":12,"column":9},"end":{"line":21,"column":3}},"type":"if","locations":[{"start":{"line":12,"column":9},"end":{"line":21,"column":3}},{"start":{"line":14,"column":9},"end":{"line":21,"column":3}}],"line":12},"2":{"loc":{"start":{"line":14,"column":9},"end":{"line":21,"column":3}},"type":"if","locations":[{"start":{"line":14,"column":9},"end":{"line":21,"column":3}},{"start":{"line":18,"column":9},"end":{"line":21,"column":3}}],"line":14},"3":{"loc":{"start":{"line":18,"column":9},"end":{"line":21,"column":3}},"type":"if","locations":[{"start":{"line":18,"column":9},"end":{"line":21,"column":3}},{"start":{},"end":{}}],"line":18}},"s":{"0":0,"1":0,"2":0,"3":0,"4":0,"5":0,"6":0,"7":0,"8":0},"f":{"0":0},"b":{"0":[0,0],"1":[0,0],"2":[0,0],"3":[0,0]}}
,"C:\\Users\\Christian Krahtz\\Desktop\\DV 2024\\budgetbuddy\\budgetbuddy\\src\\functions\\expenses.js": {"path":"C:\\Users\\Christian Krahtz\\Desktop\\DV 2024\\budgetbuddy\\budgetbuddy\\src\\functions\\expenses.js","statementMap":{"0":{"start":{"line":2,"column":4},"end":{"line":2,"column":30}},"1":{"start":{"line":6,"column":16},"end":{"line":6,"column":17}},"2":{"start":{"line":7,"column":4},"end":{"line":9,"column":5}},"3":{"start":{"line":7,"column":17},"end":{"line":7,"column":18}},"4":{"start":{"line":8,"column":8},"end":{"line":8,"column":32}},"5":{"start":{"line":11,"column":4},"end":{"line":11,"column":17}}},"fnMap":{"0":{"name":"addExpens","decl":{"start":{"line":1,"column":9},"end":{"line":1,"column":18}},"loc":{"start":{"line":1,"column":33},"end":{"line":3,"column":1}},"line":1},"1":{"name":"calculateExpenses","decl":{"start":{"line":5,"column":9},"end":{"line":5,"column":26}},"loc":{"start":{"line":5,"column":32},"end":{"line":12,"column":1}},"line":5}},"branchMap":{},"s":{"0":2,"1":3,"2":3,"3":3,"4":17,"5":3},"f":{"0":2,"1":3},"b":{},"_coverageSchema":"1a1c01bbd47fc00a2c39e90264f33305004495a9","hash":"cc3092ed0e6aaaa7a7c699dd25e41292385adb0c"}
,"C:\\Users\\Christian Krahtz\\Desktop\\DV 2024\\budgetbuddy\\budgetbuddy\\src\\functions\\income.js": {"path":"C:\\Users\\Christian Krahtz\\Desktop\\DV 2024\\budgetbuddy\\budgetbuddy\\src\\functions\\income.js","statementMap":{"0":{"start":{"line":4,"column":16},"end":{"line":4,"column":27}},"1":{"start":{"line":5,"column":18},"end":{"line":5,"column":19}},"2":{"start":{"line":9,"column":4},"end":{"line":36,"column":5}},"3":{"start":{"line":10,"column":8},"end":{"line":10,"column":25}},"4":{"start":{"line":11,"column":8},"end":{"line":11,"column":52}},"5":{"start":{"line":13,"column":9},"end":{"line":36,"column":5}},"6":{"start":{"line":14,"column":8},"end":{"line":14,"column":25}},"7":{"start":{"line":15,"column":8},"end":{"line":15,"column":52}},"8":{"start":{"line":17,"column":9},"end":{"line":36,"column":5}},"9":{"start":{"line":18,"column":8},"end":{"line":18,"column":25}},"10":{"start":{"line":19,"column":8},"end":{"line":19,"column":52}},"11":{"start":{"line":21,"column":9},"end":{"line":36,"column":5}},"12":{"start":{"line":22,"column":8},"end":{"line":22,"column":25}},"13":{"start":{"line":23,"column":8},"end":{"line":23,"column":52}},"14":{"start":{"line":25,"column":9},"end":{"line":36,"column":5}},"15":{"start":{"line":26,"column":8},"end":{"line":26,"column":25}},"16":{"start":{"line":27,"column":8},"end":{"line":27,"column":52}},"17":{"start":{"line":29,"column":9},"end":{"line":36,"column":5}},"18":{"start":{"line":30,"column":8},"end":{"line":30,"column":25}},"19":{"start":{"line":31,"column":8},"end":{"line":31,"column":52}},"20":{"start":{"line":34,"column":8},"end":{"line":34,"column":25}},"21":{"start":{"line":35,"column":8},"end":{"line":35,"column":52}},"22":{"start":{"line":38,"column":4},"end":{"line":38,"column":49}},"23":{"start":{"line":40,"column":4},"end":{"line":40,"column":16}},"24":{"start":{"line":46,"column":4},"end":{"line":46,"column":30}},"25":{"start":{"line":51,"column":16},"end":{"line":51,"column":17}},"26":{"start":{"line":52,"column":4},"end":{"line":54,"column":5}},"27":{"start":{"line":52,"column":17},"end":{"line":52,"column":18}},"28":{"start":{"line":53,"column":8},"end":{"line":53,"column":32}},"29":{"start":{"line":55,"column":4},"end":{"line":55,"column":17}},"30":{"start":{"line":58,"column":16},"end":{"line":58,"column":17}},"31":{"start":{"line":59,"column":4},"end":{"line":61,"column":5}},"32":{"start":{"line":59,"column":17},"end":{"line":59,"column":18}},"33":{"start":{"line":60,"column":8},"end":{"line":60,"column":35}},"34":{"start":{"line":62,"column":4},"end":{"line":62,"column":17}},"35":{"start":{"line":67,"column":22},"end":{"line":67,"column":43}},"36":{"start":{"line":68,"column":19},"end":{"line":68,"column":42}},"37":{"start":{"line":69,"column":16},"end":{"line":69,"column":38}},"38":{"start":{"line":71,"column":4},"end":{"line":71,"column":17}},"39":{"start":{"line":76,"column":16},"end":{"line":76,"column":17}},"40":{"start":{"line":77,"column":4},"end":{"line":79,"column":5}},"41":{"start":{"line":77,"column":17},"end":{"line":77,"column":18}},"42":{"start":{"line":78,"column":8},"end":{"line":78,"column":31}},"43":{"start":{"line":81,"column":4},"end":{"line":81,"column":17}}},"fnMap":{"0":{"name":"calculateTax","decl":{"start":{"line":3,"column":9},"end":{"line":3,"column":21}},"loc":{"start":{"line":3,"column":28},"end":{"line":41,"column":1}},"line":3},"1":{"name":"addIncome","decl":{"start":{"line":44,"column":9},"end":{"line":44,"column":18}},"loc":{"start":{"line":44,"column":34},"end":{"line":47,"column":1}},"line":44},"2":{"name":"calculateIncome","decl":{"start":{"line":50,"column":9},"end":{"line":50,"column":24}},"loc":{"start":{"line":50,"column":31},"end":{"line":56,"column":1}},"line":50},"3":{"name":"calculateTotalTax","decl":{"start":{"line":57,"column":9},"end":{"line":57,"column":26}},"loc":{"start":{"line":57,"column":33},"end":{"line":63,"column":1}},"line":57},"4":{"name":"calculateIncomeAfterTax","decl":{"start":{"line":65,"column":9},"end":{"line":65,"column":32}},"loc":{"start":{"line":65,"column":38},"end":{"line":72,"column":1}},"line":65},"5":{"name":"calculateSave","decl":{"start":{"line":74,"column":9},"end":{"line":74,"column":22}},"loc":{"start":{"line":74,"column":29},"end":{"line":82,"column":1}},"line":74}},"branchMap":{"0":{"loc":{"start":{"line":9,"column":4},"end":{"line":36,"column":5}},"type":"if","locations":[{"start":{"line":9,"column":4},"end":{"line":36,"column":5}},{"start":{"line":13,"column":9},"end":{"line":36,"column":5}}],"line":9},"1":{"loc":{"start":{"line":13,"column":9},"end":{"line":36,"column":5}},"type":"if","locations":[{"start":{"line":13,"column":9},"end":{"line":36,"column":5}},{"start":{"line":17,"column":9},"end":{"line":36,"column":5}}],"line":13},"2":{"loc":{"start":{"line":17,"column":9},"end":{"line":36,"column":5}},"type":"if","locations":[{"start":{"line":17,"column":9},"end":{"line":36,"column":5}},{"start":{"line":21,"column":9},"end":{"line":36,"column":5}}],"line":17},"3":{"loc":{"start":{"line":21,"column":9},"end":{"line":36,"column":5}},"type":"if","locations":[{"start":{"line":21,"column":9},"end":{"line":36,"column":5}},{"start":{"line":25,"column":9},"end":{"line":36,"column":5}}],"line":21},"4":{"loc":{"start":{"line":25,"column":9},"end":{"line":36,"column":5}},"type":"if","locations":[{"start":{"line":25,"column":9},"end":{"line":36,"column":5}},{"start":{"line":29,"column":9},"end":{"line":36,"column":5}}],"line":25},"5":{"loc":{"start":{"line":29,"column":9},"end":{"line":36,"column":5}},"type":"if","locations":[{"start":{"line":29,"column":9},"end":{"line":36,"column":5}},{"start":{"line":33,"column":9},"end":{"line":36,"column":5}}],"line":29}},"s":{"0":8,"1":8,"2":8,"3":2,"4":2,"5":6,"6":1,"7":1,"8":5,"9":1,"10":1,"11":4,"12":1,"13":1,"14":3,"15":1,"16":1,"17":2,"18":1,"19":1,"20":1,"21":1,"22":8,"23":8,"24":3,"25":4,"26":4,"27":4,"28":10,"29":4,"30":2,"31":2,"32":2,"33":4,"34":2,"35":1,"36":1,"37":1,"38":1,"39":1,"40":1,"41":1,"42":2,"43":1},"f":{"0":8,"1":3,"2":4,"3":2,"4":1,"5":1},"b":{"0":[2,6],"1":[1,5],"2":[1,4],"3":[1,3],"4":[1,2],"5":[1,1]},"_coverageSchema":"1a1c01bbd47fc00a2c39e90264f33305004495a9","hash":"e1f629fae06d56de0d02ad076f969d3a2c4f0def"}
}
