TN:
SF:src\App.jsx
FN:18,App
FN:24,(anonymous_1)
FN:30,(anonymous_2)
FN:35,(anonymous_3)
FN:36,(anonymous_4)
FN:73,(anonymous_5)
FNF:6
FNH:0
FNDA:0,App
FNDA:0,(anonymous_1)
FNDA:0,(anonymous_2)
FNDA:0,(anonymous_3)
FNDA:0,(anonymous_4)
FNDA:0,(anonymous_5)
DA:20,0
DA:22,0
DA:24,0
DA:25,0
DA:26,0
DA:27,0
DA:30,0
DA:31,0
DA:32,0
DA:35,0
DA:36,0
DA:40,0
DA:43,0
DA:74,0
LF:14
LH:0
BRF:0
BRH:0
end_of_record
TN:
SF:src\main.jsx
FNF:0
FNH:0
DA:7,0
LF:1
LH:0
BRF:0
BRH:0
end_of_record
TN:
SF:src\utils.js
FNF:0
FNH:0
DA:1,4
DA:3,4
DA:6,4
DA:11,4
DA:23,4
DA:31,4
LF:6
LH:6
BRF:0
BRH:0
end_of_record
TN:
SF:src\components\Expenses.jsx
FN:6,Expenses
FN:11,(anonymous_1)
FN:31,(anonymous_2)
FN:42,(anonymous_3)
FN:49,(anonymous_4)
FNF:5
FNH:5
FNDA:14,Expenses
FNDA:1,(anonymous_1)
FNDA:9,(anonymous_2)
FNDA:1,(anonymous_3)
FNDA:2,(anonymous_4)
DA:8,14
DA:9,14
DA:11,14
DA:12,1
DA:13,1
DA:14,1
DA:17,14
DA:31,9
DA:42,1
DA:50,2
LF:10
LH:10
BRF:0
BRH:0
end_of_record
TN:
SF:src\components\Income.jsx
FN:6,Income
FN:20,(anonymous_1)
FN:44,(anonymous_2)
FN:46,(anonymous_3)
FN:59,(anonymous_4)
FN:71,(anonymous_5)
FN:79,(anonymous_6)
FNF:7
FNH:6
FNDA:14,Income
FNDA:1,(anonymous_1)
FNDA:0,(anonymous_2)
FNDA:126,(anonymous_3)
FNDA:9,(anonymous_4)
FNDA:1,(anonymous_5)
FNDA:2,(anonymous_6)
DA:14,14
DA:15,14
DA:16,14
DA:20,14
DA:22,1
DA:24,1
DA:25,1
DA:26,1
DA:31,14
DA:44,0
DA:47,126
DA:59,9
DA:71,1
DA:80,2
LF:14
LH:13
BRF:0
BRH:0
end_of_record
TN:
SF:src\components\Savings.jsx
FN:7,Savings
FN:24,(anonymous_1)
FN:29,(anonymous_2)
FN:37,(anonymous_3)
FNF:4
FNH:0
FNDA:0,Savings
FNDA:0,(anonymous_1)
FNDA:0,(anonymous_2)
FNDA:0,(anonymous_3)
DA:9,0
DA:13,0
DA:25,0
DA:26,0
DA:30,0
DA:38,0
DA:39,0
DA:42,0
LF:8
LH:0
BRDA:37,0,0,0
BRDA:37,0,1,0
BRF:2
BRH:0
end_of_record
TN:
SF:src\components\Taxes.jsx
FN:5,Taxes
FN:15,(anonymous_1)
FNF:2
FNH:0
FNDA:0,Taxes
FNDA:0,(anonymous_1)
DA:9,0
DA:16,0
LF:2
LH:0
BRF:0
BRH:0
end_of_record
TN:
SF:src\components\items\ExpenseRow.jsx
FN:3,ExpenseRow
FNF:1
FNH:1
FNDA:2,ExpenseRow
DA:5,2
DA:7,2
LF:2
LH:2
BRF:0
BRH:0
end_of_record
TN:
SF:src\components\items\LastTotalCard.jsx
FN:3,LastTotalCard
FNF:1
FNH:0
FNDA:0,LastTotalCard
DA:4,0
DA:6,0
LF:2
LH:0
BRF:0
BRH:0
end_of_record
TN:
SF:src\components\items\PersonIncomeRow.jsx
FN:3,PersonIncomeRow
FNF:1
FNH:1
FNDA:2,PersonIncomeRow
DA:5,2
DA:7,2
LF:2
LH:2
BRF:0
BRH:0
end_of_record
TN:
SF:src\components\items\SavingsBlock.jsx
FN:3,SavingsBlock
FNF:1
FNH:0
FNDA:0,SavingsBlock
DA:4,0
DA:6,0
LF:2
LH:0
BRF:0
BRH:0
end_of_record
TN:
SF:src\components\items\TaxBlock.jsx
FN:3,TaxBlock
FNF:1
FNH:0
FNDA:0,TaxBlock
DA:4,0
DA:6,0
LF:2
LH:0
BRF:0
BRH:0
end_of_record
TN:
SF:src\components\items\TotalCard.jsx
FN:5,TotalCard
FNF:1
FNH:0
FNDA:0,TotalCard
DA:10,0
DA:11,0
DA:12,0
DA:13,0
DA:14,0
DA:15,0
DA:18,0
DA:20,0
DA:24,0
LF:9
LH:0
BRDA:10,0,0,0
BRDA:10,0,1,0
BRDA:12,1,0,0
BRDA:12,1,1,0
BRDA:14,2,0,0
BRDA:14,2,1,0
BRDA:18,3,0,0
BRDA:18,3,1,0
BRF:8
BRH:0
end_of_record
TN:
SF:src\functions\expenses.js
FN:1,addExpens
FN:5,calculateExpenses
FNF:2
FNH:2
FNDA:2,addExpens
FNDA:3,calculateExpenses
DA:2,2
DA:6,3
DA:7,3
DA:8,17
DA:11,3
LF:5
LH:5
BRF:0
BRH:0
end_of_record
TN:
SF:src\functions\income.js
FN:3,calculateTax
FN:44,addIncome
FN:50,calculateIncome
FN:57,calculateTotalTax
FN:65,calculateIncomeAfterTax
FN:74,calculateSave
FNF:6
FNH:6
FNDA:8,calculateTax
FNDA:3,addIncome
FNDA:4,calculateIncome
FNDA:2,calculateTotalTax
FNDA:1,calculateIncomeAfterTax
FNDA:1,calculateSave
DA:4,8
DA:5,8
DA:9,8
DA:10,2
DA:11,2
DA:13,6
DA:14,1
DA:15,1
DA:17,5
DA:18,1
DA:19,1
DA:21,4
DA:22,1
DA:23,1
DA:25,3
DA:26,1
DA:27,1
DA:29,2
DA:30,1
DA:31,1
DA:34,1
DA:35,1
DA:38,8
DA:40,8
DA:46,3
DA:51,4
DA:52,4
DA:53,10
DA:55,4
DA:58,2
DA:59,2
DA:60,4
DA:62,2
DA:67,1
DA:68,1
DA:69,1
DA:71,1
DA:76,1
DA:77,1
DA:78,2
DA:81,1
LF:41
LH:41
BRDA:9,0,0,2
BRDA:9,0,1,6
BRDA:13,1,0,1
BRDA:13,1,1,5
BRDA:17,2,0,1
BRDA:17,2,1,4
BRDA:21,3,0,1
BRDA:21,3,1,3
BRDA:25,4,0,1
BRDA:25,4,1,2
BRDA:29,5,0,1
BRDA:29,5,1,1
BRF:12
BRH:12
end_of_record
