TN:
SF:src\functions\expenses.js
FN:1,addExpens
FN:5,calculateExpenses
FNF:2
FNH:2
FNDA:1,addExpens
FNDA:3,calculateExpenses
DA:2,1
DA:6,3
DA:7,3
DA:8,17
DA:11,3
DA:15,1
LF:6
LH:6
BRF:0
BRH:0
end_of_record
TN:
SF:src\functions\income.js
FN:3,calculateTax
FN:44,addIncome
FN:50,calculateIncome
FN:57,calculateTotalTax
FN:65,calculateIncomeAfterTax
FN:74,calculateSave
FNF:6
FNH:6
FNDA:7,calculateTax
FNDA:2,addIncome
FNDA:4,calculateIncome
FNDA:2,calculateTotalTax
FNDA:1,calculateIncomeAfterTax
FNDA:1,calculateSave
DA:4,7
DA:5,7
DA:9,7
DA:10,1
DA:11,1
DA:13,6
DA:14,1
DA:15,1
DA:17,5
DA:18,1
DA:19,1
DA:21,4
DA:22,1
DA:23,1
DA:25,3
DA:26,1
DA:27,1
DA:29,2
DA:30,1
DA:31,1
DA:34,1
DA:35,1
DA:38,7
DA:40,7
DA:46,2
DA:51,4
DA:52,4
DA:53,10
DA:55,4
DA:58,2
DA:59,2
DA:60,4
DA:62,2
DA:67,1
DA:68,1
DA:69,1
DA:71,1
DA:76,1
DA:77,1
DA:78,2
DA:81,1
DA:86,1
LF:42
LH:42
BRDA:9,0,0,1
BRDA:9,0,1,6
BRDA:13,1,0,1
BRDA:13,1,1,5
BRDA:17,2,0,1
BRDA:17,2,1,4
BRDA:21,3,0,1
BRDA:21,3,1,3
BRDA:25,4,0,1
BRDA:25,4,1,2
BRDA:29,5,0,1
BRDA:29,5,1,1
BRF:12
BRH:12
end_of_record
